TN:
SF:src\controllers\v1\book.controller.js
FN:10,addBookController
FN:73,getBookListController
FN:89,getBookDetailController
FN:112,updateBookController
FN:129,deleteBookController
FNF:5
FNH:5
FNDA:6,addBookController
FNDA:2,getBookListController
FNDA:3,getBookDetailController
FNDA:2,updateBookController
FNDA:2,deleteBookController
DA:1,1
DA:2,1
DA:3,1
DA:4,1
DA:5,1
DA:6,1
DA:7,1
DA:8,1
DA:9,1
DA:10,1
DA:11,6
DA:12,6
DA:13,6
DA:14,6
DA:15,1
DA:16,1
DA:17,1
DA:18,1
DA:19,1
DA:20,5
DA:21,5
DA:22,5
DA:23,5
DA:24,6
DA:25,6
DA:26,5
DA:27,6
DA:28,1
DA:29,1
DA:30,1
DA:31,1
DA:32,1
DA:33,4
DA:34,4
DA:35,6
DA:36,1
DA:37,1
DA:38,1
DA:39,1
DA:40,1
DA:41,3
DA:42,3
DA:43,3
DA:44,3
DA:45,3
DA:46,6
DA:47,1
DA:48,1
DA:49,1
DA:50,1
DA:51,1
DA:52,2
DA:53,2
DA:54,2
DA:55,2
DA:56,2
DA:57,2
DA:58,2
DA:59,2
DA:60,1
DA:61,1
DA:62,1
DA:63,1
DA:64,1
DA:65,1
DA:66,1
DA:67,1
DA:68,1
DA:69,1
DA:70,1
DA:71,6
DA:72,1
DA:73,1
DA:74,2
DA:75,2
DA:76,1
DA:77,1
DA:78,1
DA:79,1
DA:80,1
DA:81,1
DA:82,1
DA:83,1
DA:84,1
DA:85,1
DA:86,1
DA:87,2
DA:88,1
DA:89,1
DA:90,3
DA:91,3
DA:92,3
DA:93,3
DA:94,1
DA:95,1
DA:96,1
DA:97,1
DA:98,1
DA:99,1
DA:100,1
DA:101,1
DA:102,1
DA:103,1
DA:104,1
DA:105,1
DA:106,1
DA:107,1
DA:108,1
DA:109,1
DA:110,3
DA:111,1
DA:112,1
DA:113,2
DA:114,2
DA:115,2
DA:116,1
DA:117,1
DA:118,1
DA:119,1
DA:120,1
DA:121,1
DA:122,1
DA:123,1
DA:124,1
DA:125,1
DA:126,1
DA:127,2
DA:128,1
DA:129,1
DA:130,2
DA:131,2
DA:132,2
DA:133,1
DA:134,1
DA:135,1
DA:136,1
DA:137,1
DA:138,1
DA:139,1
DA:140,1
DA:141,1
DA:142,1
DA:143,1
DA:144,2
DA:145,1
DA:146,1
DA:147,1
DA:148,1
DA:149,1
DA:150,1
DA:151,1
DA:152,1
LF:152
LH:152
BRDA:10,0,0,6
BRDA:14,1,0,5
BRDA:14,2,0,5
BRDA:14,3,0,1
BRDA:19,4,0,5
BRDA:24,5,0,5
BRDA:25,6,0,5
BRDA:27,7,0,1
BRDA:32,8,0,4
BRDA:35,9,0,1
BRDA:40,10,0,3
BRDA:46,11,0,1
BRDA:51,12,0,2
BRDA:59,13,0,1
BRDA:73,14,0,2
BRDA:75,15,0,1
BRDA:89,16,0,3
BRDA:92,17,0,2
BRDA:93,18,0,1
BRDA:112,19,0,2
BRDA:115,20,0,1
BRDA:129,21,0,2
BRDA:132,22,0,1
BRF:23
BRH:23
end_of_record
TN:
SF:src\controllers\v1\borrowing.controller.js
FN:8,borrowBookController
FN:78,returnBookController
FN:110,getAllBorrowingsController
FNF:3
FNH:3
FNDA:7,borrowBookController
FNDA:3,returnBookController
FNDA:2,getAllBorrowingsController
DA:1,1
DA:2,1
DA:3,1
DA:4,1
DA:5,1
DA:6,1
DA:7,1
DA:8,1
DA:9,7
DA:10,7
DA:11,7
DA:12,7
DA:13,7
DA:14,7
DA:15,7
DA:16,6
DA:17,6
DA:18,6
DA:19,6
DA:20,6
DA:21,6
DA:22,6
DA:23,7
DA:24,1
DA:25,1
DA:26,1
DA:27,1
DA:28,1
DA:29,7
DA:30,1
DA:31,1
DA:32,1
DA:33,1
DA:34,1
DA:35,7
DA:36,1
DA:37,1
DA:38,1
DA:39,1
DA:40,1
DA:41,3
DA:42,3
DA:43,7
DA:44,1
DA:45,1
DA:46,1
DA:47,1
DA:48,1
DA:49,2
DA:50,2
DA:51,2
DA:52,2
DA:53,2
DA:54,2
DA:55,2
DA:56,2
DA:57,7
DA:58,1
DA:59,1
DA:60,1
DA:61,1
DA:62,1
DA:63,1
DA:64,1
DA:65,1
DA:66,1
DA:67,1
DA:68,1
DA:69,1
DA:70,1
DA:71,1
DA:72,1
DA:73,1
DA:74,1
DA:75,1
DA:76,7
DA:77,1
DA:78,1
DA:79,3
DA:80,3
DA:81,3
DA:82,3
DA:83,3
DA:84,3
DA:85,3
DA:86,3
DA:87,3
DA:88,3
DA:89,1
DA:90,1
DA:91,1
DA:92,1
DA:93,1
DA:94,1
DA:95,2
DA:96,2
DA:97,1
DA:98,1
DA:99,1
DA:100,1
DA:101,1
DA:102,1
DA:103,1
DA:104,1
DA:105,1
DA:106,1
DA:107,1
DA:108,3
DA:109,1
DA:110,1
DA:111,2
DA:112,2
DA:113,1
DA:114,1
DA:115,1
DA:116,1
DA:117,1
DA:118,1
DA:119,1
DA:120,1
DA:121,1
DA:122,1
DA:123,1
DA:124,2
DA:125,1
DA:126,1
DA:127,1
DA:128,1
DA:129,1
DA:130,1
LF:130
LH:130
BRDA:8,0,0,7
BRDA:15,1,0,6
BRDA:23,2,0,1
BRDA:28,3,0,5
BRDA:29,4,0,1
BRDA:34,5,0,4
BRDA:35,6,0,1
BRDA:40,7,0,3
BRDA:43,8,0,2
BRDA:43,9,0,1
BRDA:48,10,0,2
BRDA:57,11,0,1
BRDA:78,12,0,3
BRDA:88,13,0,1
BRDA:94,14,0,2
BRDA:96,15,0,1
BRDA:110,16,0,2
BRDA:112,17,0,1
BRF:18
BRH:18
end_of_record
TN:
SF:src\controllers\v1\member.controller.js
FN:10,addMemberController
FN:58,getMemberListController
FN:74,getMemberDetailController
FN:97,updateMemberController
FN:114,deleteMemberController
FNF:5
FNH:5
FNDA:5,addMemberController
FNDA:2,getMemberListController
FNDA:3,getMemberDetailController
FNDA:2,updateMemberController
FNDA:2,deleteMemberController
DA:1,1
DA:2,1
DA:3,1
DA:4,1
DA:5,1
DA:6,1
DA:7,1
DA:8,1
DA:9,1
DA:10,1
DA:11,5
DA:12,5
DA:13,5
DA:14,5
DA:15,1
DA:16,1
DA:17,1
DA:18,1
DA:19,1
DA:20,4
DA:21,4
DA:22,5
DA:23,1
DA:24,1
DA:25,1
DA:26,1
DA:27,1
DA:28,3
DA:29,3
DA:30,3
DA:31,3
DA:32,3
DA:33,5
DA:34,1
DA:35,1
DA:36,1
DA:37,1
DA:38,1
DA:39,2
DA:40,2
DA:41,2
DA:42,2
DA:43,2
DA:44,2
DA:45,1
DA:46,1
DA:47,1
DA:48,1
DA:49,1
DA:50,1
DA:51,1
DA:52,1
DA:53,1
DA:54,1
DA:55,1
DA:56,5
DA:57,1
DA:58,1
DA:59,2
DA:60,2
DA:61,1
DA:62,1
DA:63,1
DA:64,1
DA:65,1
DA:66,1
DA:67,1
DA:68,1
DA:69,1
DA:70,1
DA:71,1
DA:72,2
DA:73,1
DA:74,1
DA:75,3
DA:76,3
DA:77,3
DA:78,3
DA:79,1
DA:80,1
DA:81,1
DA:82,1
DA:83,1
DA:84,1
DA:85,1
DA:86,1
DA:87,1
DA:88,1
DA:89,1
DA:90,1
DA:91,1
DA:92,1
DA:93,1
DA:94,1
DA:95,3
DA:96,1
DA:97,1
DA:98,2
DA:99,2
DA:100,2
DA:101,1
DA:102,1
DA:103,1
DA:104,1
DA:105,1
DA:106,1
DA:107,1
DA:108,1
DA:109,1
DA:110,1
DA:111,1
DA:112,2
DA:113,1
DA:114,1
DA:115,2
DA:116,2
DA:117,2
DA:118,1
DA:119,1
DA:120,1
DA:121,1
DA:122,1
DA:123,1
DA:124,1
DA:125,1
DA:126,1
DA:127,1
DA:128,2
DA:129,1
DA:130,1
DA:131,1
DA:132,1
DA:133,1
DA:134,1
DA:135,1
DA:136,1
LF:136
LH:136
BRDA:10,0,0,5
BRDA:14,1,0,1
BRDA:19,2,0,4
BRDA:22,3,0,1
BRDA:27,4,0,3
BRDA:33,5,0,1
BRDA:38,6,0,2
BRDA:44,7,0,1
BRDA:58,8,0,2
BRDA:60,9,0,1
BRDA:74,10,0,3
BRDA:77,11,0,2
BRDA:78,12,0,1
BRDA:97,13,0,2
BRDA:100,14,0,1
BRDA:114,15,0,2
BRDA:117,16,0,1
BRF:17
BRH:17
end_of_record
